Base path: D:/Program Files/Unity/Editor/Data
Cmd: initializeCompiler
Cmd: preprocess
  insize=4163 outsize=510 ok=1
Cmd: preprocess
  insize=4275 outsize=520 ok=1
Cmd: preprocess
  insize=6610 outsize=651 ok=1
Cmd: compileSnippet
  error: 1 plat 4 at (99): Output value 'vert' is not completely initialized\nCompiling Vertex program with DIRECTIONAL SHADOWS_SCREEN LIGHTMAP_ON LIGHTPROBE_SH ENABLE_INDIRECT_LIGHTING ENABLE_REALTIME_SAMPLING _DIRECTDIFF_NONE _DIRECTSPEC_NONE _INDIRECTSPECIBL_NONE _LUTIBLMODE_BOTH _INDIRECTIBL_NONE
Platform defines: UNITY_ENABLE_REFLECTION_BUFFERS UNITY_USE_DITHER_MASK_FOR_ALPHABLENDED_SHADOWS UNITY_PBS_USE_BRDF1 UNITY_SPECCUBE_BOX_PROJECTION UNITY_SPECCUBE_BLENDING UNITY_ENABLE_DETAIL_NORMALMAP SHADER_API_DESKTOP UNITY_LIGHT_PROBE_PROXY_VOLUME UNITY_LIGHTMAP_FULL_HDR
  api=4 type=0 insize=13390 outsize=2314 kw=DIRECTIONAL SHADOWS_SCREEN LIGHTMAP_ON LIGHTPROBE_SH ENABLE_INDIRECT_LIGHTING ENABLE_REALTIME_SAMPLING _DIRECTDIFF_NONE _DIRECTSPEC_NONE _INDIRECTSPECIBL_NONE _LUTIBLMODE_BOTH _INDIRECTIBL_NONE pd=UNITY_ENABLE_REFLECTION_BUFFERS UNITY_USE_DITHER_MASK_FOR_ALPHABLENDED_SHADOWS UNITY_PBS_USE_BRDF1 UNITY_SPECCUBE_BOX_PROJECTION UNITY_SPECCUBE_BLENDING UNITY_ENABLE_DETAIL_NORMALMAP SHADER_API_DESKTOP UNITY_LIGHT_PROBE_PROXY_VOLUME UNITY_LIGHTMAP_FULL_HDR ok=1
Cmd: compileSnippet
  api=4 type=1 insize=13390 outsize=398 kw=DIRECTIONAL SHADOWS_SCREEN LIGHTMAP_ON LIGHTPROBE_SH ENABLE_INDIRECT_LIGHTING ENABLE_REALTIME_SAMPLING _DIRECTDIFF_NONE _DIRECTSPEC_NONE _INDIRECTSPECIBL_NONE _LUTIBLMODE_BOTH _INDIRECTIBL_NONE pd=UNITY_ENABLE_REFLECTION_BUFFERS UNITY_USE_DITHER_MASK_FOR_ALPHABLENDED_SHADOWS UNITY_PBS_USE_BRDF1 UNITY_SPECCUBE_BOX_PROJECTION UNITY_SPECCUBE_BLENDING UNITY_ENABLE_DETAIL_NORMALMAP SHADER_API_DESKTOP UNITY_LIGHT_PROBE_PROXY_VOLUME UNITY_LIGHTMAP_FULL_HDR ok=1
Cmd: compileSnippet
  error: 1 plat 4 at (99): Output value 'vert' is not completely initialized\nCompiling Vertex program with DIRECTIONAL LIGHTMAP_ON ENABLE_INDIRECT_LIGHTING ENABLE_REALTIME_SAMPLING _DIRECTDIFF_NONE _DIRECTSPEC_NONE _INDIRECTSPECIBL_NONE _LUTIBLMODE_BOTH _INDIRECTIBL_NONE
Platform defines: UNITY_ENABLE_REFLECTION_BUFFERS UNITY_USE_DITHER_MASK_FOR_ALPHABLENDED_SHADOWS UNITY_PBS_USE_BRDF1 UNITY_SPECCUBE_BOX_PROJECTION UNITY_SPECCUBE_BLENDING UNITY_ENABLE_DETAIL_NORMALMAP SHADER_API_DESKTOP UNITY_LIGHT_PROBE_PROXY_VOLUME UNITY_LIGHTMAP_FULL_HDR
  api=4 type=0 insize=13390 outsize=2314 kw=DIRECTIONAL LIGHTMAP_ON ENABLE_INDIRECT_LIGHTING ENABLE_REALTIME_SAMPLING _DIRECTDIFF_NONE _DIRECTSPEC_NONE _INDIRECTSPECIBL_NONE _LUTIBLMODE_BOTH _INDIRECTIBL_NONE pd=UNITY_ENABLE_REFLECTION_BUFFERS UNITY_USE_DITHER_MASK_FOR_ALPHABLENDED_SHADOWS UNITY_PBS_USE_BRDF1 UNITY_SPECCUBE_BOX_PROJECTION UNITY_SPECCUBE_BLENDING UNITY_ENABLE_DETAIL_NORMALMAP SHADER_API_DESKTOP UNITY_LIGHT_PROBE_PROXY_VOLUME UNITY_LIGHTMAP_FULL_HDR ok=1
Cmd: compileSnippet
  api=4 type=1 insize=13390 outsize=398 kw=DIRECTIONAL LIGHTMAP_ON ENABLE_INDIRECT_LIGHTING ENABLE_REALTIME_SAMPLING _DIRECTDIFF_NONE _DIRECTSPEC_NONE _INDIRECTSPECIBL_NONE _LUTIBLMODE_BOTH _INDIRECTIBL_NONE pd=UNITY_ENABLE_REFLECTION_BUFFERS UNITY_USE_DITHER_MASK_FOR_ALPHABLENDED_SHADOWS UNITY_PBS_USE_BRDF1 UNITY_SPECCUBE_BOX_PROJECTION UNITY_SPECCUBE_BLENDING UNITY_ENABLE_DETAIL_NORMALMAP SHADER_API_DESKTOP UNITY_LIGHT_PROBE_PROXY_VOLUME UNITY_LIGHTMAP_FULL_HDR ok=1
Cmd: compileSnippet
  error: 1 plat 4 at (99): Output value 'vert' is not completely initialized\nCompiling Vertex program with DIRECTIONAL LIGHTMAP_ON LIGHTPROBE_SH ENABLE_INDIRECT_LIGHTING ENABLE_REALTIME_SAMPLING _DIRECTDIFF_NONE _DIRECTSPEC_NONE _INDIRECTSPECIBL_NONE _LUTIBLMODE_BOTH _INDIRECTIBL_NONE
Platform defines: UNITY_ENABLE_REFLECTION_BUFFERS UNITY_USE_DITHER_MASK_FOR_ALPHABLENDED_SHADOWS UNITY_PBS_USE_BRDF1 UNITY_SPECCUBE_BOX_PROJECTION UNITY_SPECCUBE_BLENDING UNITY_ENABLE_DETAIL_NORMALMAP SHADER_API_DESKTOP UNITY_LIGHT_PROBE_PROXY_VOLUME UNITY_LIGHTMAP_FULL_HDR
  api=4 type=0 insize=13390 outsize=2314 kw=DIRECTIONAL LIGHTMAP_ON LIGHTPROBE_SH ENABLE_INDIRECT_LIGHTING ENABLE_REALTIME_SAMPLING _DIRECTDIFF_NONE _DIRECTSPEC_NONE _INDIRECTSPECIBL_NONE _LUTIBLMODE_BOTH _INDIRECTIBL_NONE pd=UNITY_ENABLE_REFLECTION_BUFFERS UNITY_USE_DITHER_MASK_FOR_ALPHABLENDED_SHADOWS UNITY_PBS_USE_BRDF1 UNITY_SPECCUBE_BOX_PROJECTION UNITY_SPECCUBE_BLENDING UNITY_ENABLE_DETAIL_NORMALMAP SHADER_API_DESKTOP UNITY_LIGHT_PROBE_PROXY_VOLUME UNITY_LIGHTMAP_FULL_HDR ok=1
Cmd: compileSnippet
  api=4 type=1 insize=13390 outsize=398 kw=DIRECTIONAL LIGHTMAP_ON LIGHTPROBE_SH ENABLE_INDIRECT_LIGHTING ENABLE_REALTIME_SAMPLING _DIRECTDIFF_NONE _DIRECTSPEC_NONE _INDIRECTSPECIBL_NONE _LUTIBLMODE_BOTH _INDIRECTIBL_NONE pd=UNITY_ENABLE_REFLECTION_BUFFERS UNITY_USE_DITHER_MASK_FOR_ALPHABLENDED_SHADOWS UNITY_PBS_USE_BRDF1 UNITY_SPECCUBE_BOX_PROJECTION UNITY_SPECCUBE_BLENDING UNITY_ENABLE_DETAIL_NORMALMAP SHADER_API_DESKTOP UNITY_LIGHT_PROBE_PROXY_VOLUME UNITY_LIGHTMAP_FULL_HDR ok=1
Cmd: compileSnippet
  error: 1 plat 4 at (99): Output value 'vert' is not completely initialized\nCompiling Vertex program with DIRECTIONAL SHADOWS_SCREEN LIGHTMAP_ON LIGHTPROBE_SH ENABLE_INDIRECT_LIGHTING ENABLE_REALTIME_SAMPLING _DIRECTDIFF_NONE _DIRECTSPEC_NONE _LUTIBLMODE_BOTH _INDIRECTSPECIBL_UNITYAPPROX _INDIRECTIBL_NONE
Platform defines: UNITY_ENABLE_REFLECTION_BUFFERS UNITY_USE_DITHER_MASK_FOR_ALPHABLENDED_SHADOWS UNITY_PBS_USE_BRDF1 UNITY_SPECCUBE_BOX_PROJECTION UNITY_SPECCUBE_BLENDING UNITY_ENABLE_DETAIL_NORMALMAP SHADER_API_DESKTOP UNITY_LIGHT_PROBE_PROXY_VOLUME UNITY_LIGHTMAP_FULL_HDR
  api=4 type=0 insize=13390 outsize=2314 kw=DIRECTIONAL SHADOWS_SCREEN LIGHTMAP_ON LIGHTPROBE_SH ENABLE_INDIRECT_LIGHTING ENABLE_REALTIME_SAMPLING _DIRECTDIFF_NONE _DIRECTSPEC_NONE _LUTIBLMODE_BOTH _INDIRECTSPECIBL_UNITYAPPROX _INDIRECTIBL_NONE pd=UNITY_ENABLE_REFLECTION_BUFFERS UNITY_USE_DITHER_MASK_FOR_ALPHABLENDED_SHADOWS UNITY_PBS_USE_BRDF1 UNITY_SPECCUBE_BOX_PROJECTION UNITY_SPECCUBE_BLENDING UNITY_ENABLE_DETAIL_NORMALMAP SHADER_API_DESKTOP UNITY_LIGHT_PROBE_PROXY_VOLUME UNITY_LIGHTMAP_FULL_HDR ok=1
Cmd: compileSnippet
  api=4 type=1 insize=13390 outsize=3702 kw=DIRECTIONAL SHADOWS_SCREEN LIGHTMAP_ON LIGHTPROBE_SH ENABLE_INDIRECT_LIGHTING ENABLE_REALTIME_SAMPLING _DIRECTDIFF_NONE _DIRECTSPEC_NONE _LUTIBLMODE_BOTH _INDIRECTSPECIBL_UNITYAPPROX _INDIRECTIBL_NONE pd=UNITY_ENABLE_REFLECTION_BUFFERS UNITY_USE_DITHER_MASK_FOR_ALPHABLENDED_SHADOWS UNITY_PBS_USE_BRDF1 UNITY_SPECCUBE_BOX_PROJECTION UNITY_SPECCUBE_BLENDING UNITY_ENABLE_DETAIL_NORMALMAP SHADER_API_DESKTOP UNITY_LIGHT_PROBE_PROXY_VOLUME UNITY_LIGHTMAP_FULL_HDR ok=1
Cmd: compileSnippet
  error: 1 plat 4 at (99): Output value 'vert' is not completely initialized\nCompiling Vertex program with DIRECTIONAL LIGHTMAP_ON ENABLE_INDIRECT_LIGHTING ENABLE_REALTIME_SAMPLING _DIRECTDIFF_NONE _DIRECTSPEC_NONE _LUTIBLMODE_BOTH _INDIRECTSPECIBL_UNITYAPPROX _INDIRECTIBL_NONE
Platform defines: UNITY_ENABLE_REFLECTION_BUFFERS UNITY_USE_DITHER_MASK_FOR_ALPHABLENDED_SHADOWS UNITY_PBS_USE_BRDF1 UNITY_SPECCUBE_BOX_PROJECTION UNITY_SPECCUBE_BLENDING UNITY_ENABLE_DETAIL_NORMALMAP SHADER_API_DESKTOP UNITY_LIGHT_PROBE_PROXY_VOLUME UNITY_LIGHTMAP_FULL_HDR
  api=4 type=0 insize=13390 outsize=2314 kw=DIRECTIONAL LIGHTMAP_ON ENABLE_INDIRECT_LIGHTING ENABLE_REALTIME_SAMPLING _DIRECTDIFF_NONE _DIRECTSPEC_NONE _LUTIBLMODE_BOTH _INDIRECTSPECIBL_UNITYAPPROX _INDIRECTIBL_NONE pd=UNITY_ENABLE_REFLECTION_BUFFERS UNITY_USE_DITHER_MASK_FOR_ALPHABLENDED_SHADOWS UNITY_PBS_USE_BRDF1 UNITY_SPECCUBE_BOX_PROJECTION UNITY_SPECCUBE_BLENDING UNITY_ENABLE_DETAIL_NORMALMAP SHADER_API_DESKTOP UNITY_LIGHT_PROBE_PROXY_VOLUME UNITY_LIGHTMAP_FULL_HDR ok=1
Cmd: compileSnippet
  api=4 type=1 insize=13390 outsize=3702 kw=DIRECTIONAL LIGHTMAP_ON ENABLE_INDIRECT_LIGHTING ENABLE_REALTIME_SAMPLING _DIRECTDIFF_NONE _DIRECTSPEC_NONE _LUTIBLMODE_BOTH _INDIRECTSPECIBL_UNITYAPPROX _INDIRECTIBL_NONE pd=UNITY_ENABLE_REFLECTION_BUFFERS UNITY_USE_DITHER_MASK_FOR_ALPHABLENDED_SHADOWS UNITY_PBS_USE_BRDF1 UNITY_SPECCUBE_BOX_PROJECTION UNITY_SPECCUBE_BLENDING UNITY_ENABLE_DETAIL_NORMALMAP SHADER_API_DESKTOP UNITY_LIGHT_PROBE_PROXY_VOLUME UNITY_LIGHTMAP_FULL_HDR ok=1
Cmd: compileSnippet
  error: 1 plat 4 at (99): Output value 'vert' is not completely initialized\nCompiling Vertex program with DIRECTIONAL LIGHTMAP_ON LIGHTPROBE_SH ENABLE_INDIRECT_LIGHTING ENABLE_REALTIME_SAMPLING _DIRECTDIFF_NONE _DIRECTSPEC_NONE _LUTIBLMODE_BOTH _INDIRECTSPECIBL_UNITYAPPROX _INDIRECTIBL_NONE
Platform defines: UNITY_ENABLE_REFLECTION_BUFFERS UNITY_USE_DITHER_MASK_FOR_ALPHABLENDED_SHADOWS UNITY_PBS_USE_BRDF1 UNITY_SPECCUBE_BOX_PROJECTION UNITY_SPECCUBE_BLENDING UNITY_ENABLE_DETAIL_NORMALMAP SHADER_API_DESKTOP UNITY_LIGHT_PROBE_PROXY_VOLUME UNITY_LIGHTMAP_FULL_HDR
  api=4 type=0 insize=13390 outsize=2314 kw=DIRECTIONAL LIGHTMAP_ON LIGHTPROBE_SH ENABLE_INDIRECT_LIGHTING ENABLE_REALTIME_SAMPLING _DIRECTDIFF_NONE _DIRECTSPEC_NONE _LUTIBLMODE_BOTH _INDIRECTSPECIBL_UNITYAPPROX _INDIRECTIBL_NONE pd=UNITY_ENABLE_REFLECTION_BUFFERS UNITY_USE_DITHER_MASK_FOR_ALPHABLENDED_SHADOWS UNITY_PBS_USE_BRDF1 UNITY_SPECCUBE_BOX_PROJECTION UNITY_SPECCUBE_BLENDING UNITY_ENABLE_DETAIL_NORMALMAP SHADER_API_DESKTOP UNITY_LIGHT_PROBE_PROXY_VOLUME UNITY_LIGHTMAP_FULL_HDR ok=1
Cmd: compileSnippet
  api=4 type=1 insize=13390 outsize=3702 kw=DIRECTIONAL LIGHTMAP_ON LIGHTPROBE_SH ENABLE_INDIRECT_LIGHTING ENABLE_REALTIME_SAMPLING _DIRECTDIFF_NONE _DIRECTSPEC_NONE _LUTIBLMODE_BOTH _INDIRECTSPECIBL_UNITYAPPROX _INDIRECTIBL_NONE pd=UNITY_ENABLE_REFLECTION_BUFFERS UNITY_USE_DITHER_MASK_FOR_ALPHABLENDED_SHADOWS UNITY_PBS_USE_BRDF1 UNITY_SPECCUBE_BOX_PROJECTION UNITY_SPECCUBE_BLENDING UNITY_ENABLE_DETAIL_NORMALMAP SHADER_API_DESKTOP UNITY_LIGHT_PROBE_PROXY_VOLUME UNITY_LIGHTMAP_FULL_HDR ok=1
Cmd: compileSnippet
  error: 1 plat 4 at (99): Output value 'vert' is not completely initialized\nCompiling Vertex program with DIRECTIONAL SHADOWS_SCREEN LIGHTMAP_ON LIGHTPROBE_SH ENABLE_INDIRECT_LIGHTING ENABLE_REALTIME_SAMPLING _DIRECTDIFF_NONE _DIRECTSPEC_NONE _LUTIBLMODE_BOTH _INDIRECTSPECIBL_UEAPPROX _INDIRECTIBL_NONE
Platform defines: UNITY_ENABLE_REFLECTION_BUFFERS UNITY_USE_DITHER_MASK_FOR_ALPHABLENDED_SHADOWS UNITY_PBS_USE_BRDF1 UNITY_SPECCUBE_BOX_PROJECTION UNITY_SPECCUBE_BLENDING UNITY_ENABLE_DETAIL_NORMALMAP SHADER_API_DESKTOP UNITY_LIGHT_PROBE_PROXY_VOLUME UNITY_LIGHTMAP_FULL_HDR
  api=4 type=0 insize=13390 outsize=2314 kw=DIRECTIONAL SHADOWS_SCREEN LIGHTMAP_ON LIGHTPROBE_SH ENABLE_INDIRECT_LIGHTING ENABLE_REALTIME_SAMPLING _DIRECTDIFF_NONE _DIRECTSPEC_NONE _LUTIBLMODE_BOTH _INDIRECTSPECIBL_UEAPPROX _INDIRECTIBL_NONE pd=UNITY_ENABLE_REFLECTION_BUFFERS UNITY_USE_DITHER_MASK_FOR_ALPHABLENDED_SHADOWS UNITY_PBS_USE_BRDF1 UNITY_SPECCUBE_BOX_PROJECTION UNITY_SPECCUBE_BLENDING UNITY_ENABLE_DETAIL_NORMALMAP SHADER_API_DESKTOP UNITY_LIGHT_PROBE_PROXY_VOLUME UNITY_LIGHTMAP_FULL_HDR ok=1
Cmd: compileSnippet
  api=4 type=1 insize=13390 outsize=3862 kw=DIRECTIONAL SHADOWS_SCREEN LIGHTMAP_ON LIGHTPROBE_SH ENABLE_INDIRECT_LIGHTING ENABLE_REALTIME_SAMPLING _DIRECTDIFF_NONE _DIRECTSPEC_NONE _LUTIBLMODE_BOTH _INDIRECTSPECIBL_UEAPPROX _INDIRECTIBL_NONE pd=UNITY_ENABLE_REFLECTION_BUFFERS UNITY_USE_DITHER_MASK_FOR_ALPHABLENDED_SHADOWS UNITY_PBS_USE_BRDF1 UNITY_SPECCUBE_BOX_PROJECTION UNITY_SPECCUBE_BLENDING UNITY_ENABLE_DETAIL_NORMALMAP SHADER_API_DESKTOP UNITY_LIGHT_PROBE_PROXY_VOLUME UNITY_LIGHTMAP_FULL_HDR ok=1
Cmd: compileSnippet
  error: 1 plat 4 at (99): Output value 'vert' is not completely initialized\nCompiling Vertex program with DIRECTIONAL LIGHTMAP_ON ENABLE_INDIRECT_LIGHTING ENABLE_REALTIME_SAMPLING _DIRECTDIFF_NONE _DIRECTSPEC_NONE _LUTIBLMODE_BOTH _INDIRECTSPECIBL_UEAPPROX _INDIRECTIBL_NONE
Platform defines: UNITY_ENABLE_REFLECTION_BUFFERS UNITY_USE_DITHER_MASK_FOR_ALPHABLENDED_SHADOWS UNITY_PBS_USE_BRDF1 UNITY_SPECCUBE_BOX_PROJECTION UNITY_SPECCUBE_BLENDING UNITY_ENABLE_DETAIL_NORMALMAP SHADER_API_DESKTOP UNITY_LIGHT_PROBE_PROXY_VOLUME UNITY_LIGHTMAP_FULL_HDR
  api=4 type=0 insize=13390 outsize=2314 kw=DIRECTIONAL LIGHTMAP_ON ENABLE_INDIRECT_LIGHTING ENABLE_REALTIME_SAMPLING _DIRECTDIFF_NONE _DIRECTSPEC_NONE _LUTIBLMODE_BOTH _INDIRECTSPECIBL_UEAPPROX _INDIRECTIBL_NONE pd=UNITY_ENABLE_REFLECTION_BUFFERS UNITY_USE_DITHER_MASK_FOR_ALPHABLENDED_SHADOWS UNITY_PBS_USE_BRDF1 UNITY_SPECCUBE_BOX_PROJECTION UNITY_SPECCUBE_BLENDING UNITY_ENABLE_DETAIL_NORMALMAP SHADER_API_DESKTOP UNITY_LIGHT_PROBE_PROXY_VOLUME UNITY_LIGHTMAP_FULL_HDR ok=1
Cmd: compileSnippet
  api=4 type=1 insize=13390 outsize=3862 kw=DIRECTIONAL LIGHTMAP_ON ENABLE_INDIRECT_LIGHTING ENABLE_REALTIME_SAMPLING _DIRECTDIFF_NONE _DIRECTSPEC_NONE _LUTIBLMODE_BOTH _INDIRECTSPECIBL_UEAPPROX _INDIRECTIBL_NONE pd=UNITY_ENABLE_REFLECTION_BUFFERS UNITY_USE_DITHER_MASK_FOR_ALPHABLENDED_SHADOWS UNITY_PBS_USE_BRDF1 UNITY_SPECCUBE_BOX_PROJECTION UNITY_SPECCUBE_BLENDING UNITY_ENABLE_DETAIL_NORMALMAP SHADER_API_DESKTOP UNITY_LIGHT_PROBE_PROXY_VOLUME UNITY_LIGHTMAP_FULL_HDR ok=1
Cmd: compileSnippet
  error: 1 plat 4 at (99): Output value 'vert' is not completely initialized\nCompiling Vertex program with DIRECTIONAL LIGHTMAP_ON LIGHTPROBE_SH ENABLE_INDIRECT_LIGHTING ENABLE_REALTIME_SAMPLING _DIRECTDIFF_NONE _DIRECTSPEC_NONE _LUTIBLMODE_BOTH _INDIRECTSPECIBL_UEAPPROX _INDIRECTIBL_NONE
Platform defines: UNITY_ENABLE_REFLECTION_BUFFERS UNITY_USE_DITHER_MASK_FOR_ALPHABLENDED_SHADOWS UNITY_PBS_USE_BRDF1 UNITY_SPECCUBE_BOX_PROJECTION UNITY_SPECCUBE_BLENDING UNITY_ENABLE_DETAIL_NORMALMAP SHADER_API_DESKTOP UNITY_LIGHT_PROBE_PROXY_VOLUME UNITY_LIGHTMAP_FULL_HDR
  api=4 type=0 insize=13390 outsize=2314 kw=DIRECTIONAL LIGHTMAP_ON LIGHTPROBE_SH ENABLE_INDIRECT_LIGHTING ENABLE_REALTIME_SAMPLING _DIRECTDIFF_NONE _DIRECTSPEC_NONE _LUTIBLMODE_BOTH _INDIRECTSPECIBL_UEAPPROX _INDIRECTIBL_NONE pd=UNITY_ENABLE_REFLECTION_BUFFERS UNITY_USE_DITHER_MASK_FOR_ALPHABLENDED_SHADOWS UNITY_PBS_USE_BRDF1 UNITY_SPECCUBE_BOX_PROJECTION UNITY_SPECCUBE_BLENDING UNITY_ENABLE_DETAIL_NORMALMAP SHADER_API_DESKTOP UNITY_LIGHT_PROBE_PROXY_VOLUME UNITY_LIGHTMAP_FULL_HDR ok=1
Cmd: compileSnippet
  api=4 type=1 insize=13390 outsize=3862 kw=DIRECTIONAL LIGHTMAP_ON LIGHTPROBE_SH ENABLE_INDIRECT_LIGHTING ENABLE_REALTIME_SAMPLING _DIRECTDIFF_NONE _DIRECTSPEC_NONE _LUTIBLMODE_BOTH _INDIRECTSPECIBL_UEAPPROX _INDIRECTIBL_NONE pd=UNITY_ENABLE_REFLECTION_BUFFERS UNITY_USE_DITHER_MASK_FOR_ALPHABLENDED_SHADOWS UNITY_PBS_USE_BRDF1 UNITY_SPECCUBE_BOX_PROJECTION UNITY_SPECCUBE_BLENDING UNITY_ENABLE_DETAIL_NORMALMAP SHADER_API_DESKTOP UNITY_LIGHT_PROBE_PROXY_VOLUME UNITY_LIGHTMAP_FULL_HDR ok=1
Cmd: compileSnippet
  error: 1 plat 4 at (99): Output value 'vert' is not completely initialized\nCompiling Vertex program with DIRECTIONAL SHADOWS_SCREEN LIGHTMAP_ON LIGHTPROBE_SH ENABLE_INDIRECT_LIGHTING ENABLE_REALTIME_SAMPLING _DIRECTDIFF_NONE _DIRECTSPEC_NONE _LUTIBLMODE_BOTH _INDIRECTSPECIBL_SPLITSUM _INDIRECTIBL_NONE
Platform defines: UNITY_ENABLE_REFLECTION_BUFFERS UNITY_USE_DITHER_MASK_FOR_ALPHABLENDED_SHADOWS UNITY_PBS_USE_BRDF1 UNITY_SPECCUBE_BOX_PROJECTION UNITY_SPECCUBE_BLENDING UNITY_ENABLE_DETAIL_NORMALMAP SHADER_API_DESKTOP UNITY_LIGHT_PROBE_PROXY_VOLUME UNITY_LIGHTMAP_FULL_HDR
  api=4 type=0 insize=13390 outsize=2314 kw=DIRECTIONAL SHADOWS_SCREEN LIGHTMAP_ON LIGHTPROBE_SH ENABLE_INDIRECT_LIGHTING ENABLE_REALTIME_SAMPLING _DIRECTDIFF_NONE _DIRECTSPEC_NONE _LUTIBLMODE_BOTH _INDIRECTSPECIBL_SPLITSUM _INDIRECTIBL_NONE pd=UNITY_ENABLE_REFLECTION_BUFFERS UNITY_USE_DITHER_MASK_FOR_ALPHABLENDED_SHADOWS UNITY_PBS_USE_BRDF1 UNITY_SPECCUBE_BOX_PROJECTION UNITY_SPECCUBE_BLENDING UNITY_ENABLE_DETAIL_NORMALMAP SHADER_API_DESKTOP UNITY_LIGHT_PROBE_PROXY_VOLUME UNITY_LIGHTMAP_FULL_HDR ok=1
Cmd: compileSnippet
  api=4 type=1 insize=13390 outsize=4190 kw=DIRECTIONAL SHADOWS_SCREEN LIGHTMAP_ON LIGHTPROBE_SH ENABLE_INDIRECT_LIGHTING ENABLE_REALTIME_SAMPLING _DIRECTDIFF_NONE _DIRECTSPEC_NONE _LUTIBLMODE_BOTH _INDIRECTSPECIBL_SPLITSUM _INDIRECTIBL_NONE pd=UNITY_ENABLE_REFLECTION_BUFFERS UNITY_USE_DITHER_MASK_FOR_ALPHABLENDED_SHADOWS UNITY_PBS_USE_BRDF1 UNITY_SPECCUBE_BOX_PROJECTION UNITY_SPECCUBE_BLENDING UNITY_ENABLE_DETAIL_NORMALMAP SHADER_API_DESKTOP UNITY_LIGHT_PROBE_PROXY_VOLUME UNITY_LIGHTMAP_FULL_HDR ok=1
Cmd: compileSnippet
  error: 1 plat 4 at (99): Output value 'vert' is not completely initialized\nCompiling Vertex program with DIRECTIONAL LIGHTMAP_ON ENABLE_INDIRECT_LIGHTING ENABLE_REALTIME_SAMPLING _DIRECTDIFF_NONE _DIRECTSPEC_NONE _LUTIBLMODE_BOTH _INDIRECTSPECIBL_SPLITSUM _INDIRECTIBL_NONE
Platform defines: UNITY_ENABLE_REFLECTION_BUFFERS UNITY_USE_DITHER_MASK_FOR_ALPHABLENDED_SHADOWS UNITY_PBS_USE_BRDF1 UNITY_SPECCUBE_BOX_PROJECTION UNITY_SPECCUBE_BLENDING UNITY_ENABLE_DETAIL_NORMALMAP SHADER_API_DESKTOP UNITY_LIGHT_PROBE_PROXY_VOLUME UNITY_LIGHTMAP_FULL_HDR
  api=4 type=0 insize=13390 outsize=2314 kw=DIRECTIONAL LIGHTMAP_ON ENABLE_INDIRECT_LIGHTING ENABLE_REALTIME_SAMPLING _DIRECTDIFF_NONE _DIRECTSPEC_NONE _LUTIBLMODE_BOTH _INDIRECTSPECIBL_SPLITSUM _INDIRECTIBL_NONE pd=UNITY_ENABLE_REFLECTION_BUFFERS UNITY_USE_DITHER_MASK_FOR_ALPHABLENDED_SHADOWS UNITY_PBS_USE_BRDF1 UNITY_SPECCUBE_BOX_PROJECTION UNITY_SPECCUBE_BLENDING UNITY_ENABLE_DETAIL_NORMALMAP SHADER_API_DESKTOP UNITY_LIGHT_PROBE_PROXY_VOLUME UNITY_LIGHTMAP_FULL_HDR ok=1
Cmd: compileSnippet
  api=4 type=1 insize=13390 outsize=4190 kw=DIRECTIONAL LIGHTMAP_ON ENABLE_INDIRECT_LIGHTING ENABLE_REALTIME_SAMPLING _DIRECTDIFF_NONE _DIRECTSPEC_NONE _LUTIBLMODE_BOTH _INDIRECTSPECIBL_SPLITSUM _INDIRECTIBL_NONE pd=UNITY_ENABLE_REFLECTION_BUFFERS UNITY_USE_DITHER_MASK_FOR_ALPHABLENDED_SHADOWS UNITY_PBS_USE_BRDF1 UNITY_SPECCUBE_BOX_PROJECTION UNITY_SPECCUBE_BLENDING UNITY_ENABLE_DETAIL_NORMALMAP SHADER_API_DESKTOP UNITY_LIGHT_PROBE_PROXY_VOLUME UNITY_LIGHTMAP_FULL_HDR ok=1
Cmd: compileSnippet
  error: 1 plat 4 at (99): Output value 'vert' is not completely initialized\nCompiling Vertex program with DIRECTIONAL LIGHTMAP_ON LIGHTPROBE_SH ENABLE_INDIRECT_LIGHTING ENABLE_REALTIME_SAMPLING _DIRECTDIFF_NONE _DIRECTSPEC_NONE _LUTIBLMODE_BOTH _INDIRECTSPECIBL_SPLITSUM _INDIRECTIBL_NONE
Platform defines: UNITY_ENABLE_REFLECTION_BUFFERS UNITY_USE_DITHER_MASK_FOR_ALPHABLENDED_SHADOWS UNITY_PBS_USE_BRDF1 UNITY_SPECCUBE_BOX_PROJECTION UNITY_SPECCUBE_BLENDING UNITY_ENABLE_DETAIL_NORMALMAP SHADER_API_DESKTOP UNITY_LIGHT_PROBE_PROXY_VOLUME UNITY_LIGHTMAP_FULL_HDR
  api=4 type=0 insize=13390 outsize=2314 kw=DIRECTIONAL LIGHTMAP_ON LIGHTPROBE_SH ENABLE_INDIRECT_LIGHTING ENABLE_REALTIME_SAMPLING _DIRECTDIFF_NONE _DIRECTSPEC_NONE _LUTIBLMODE_BOTH _INDIRECTSPECIBL_SPLITSUM _INDIRECTIBL_NONE pd=UNITY_ENABLE_REFLECTION_BUFFERS UNITY_USE_DITHER_MASK_FOR_ALPHABLENDED_SHADOWS UNITY_PBS_USE_BRDF1 UNITY_SPECCUBE_BOX_PROJECTION UNITY_SPECCUBE_BLENDING UNITY_ENABLE_DETAIL_NORMALMAP SHADER_API_DESKTOP UNITY_LIGHT_PROBE_PROXY_VOLUME UNITY_LIGHTMAP_FULL_HDR ok=1
Cmd: compileSnippet
  api=4 type=1 insize=13390 outsize=4190 kw=DIRECTIONAL LIGHTMAP_ON LIGHTPROBE_SH ENABLE_INDIRECT_LIGHTING ENABLE_REALTIME_SAMPLING _DIRECTDIFF_NONE _DIRECTSPEC_NONE _LUTIBLMODE_BOTH _INDIRECTSPECIBL_SPLITSUM _INDIRECTIBL_NONE pd=UNITY_ENABLE_REFLECTION_BUFFERS UNITY_USE_DITHER_MASK_FOR_ALPHABLENDED_SHADOWS UNITY_PBS_USE_BRDF1 UNITY_SPECCUBE_BOX_PROJECTION UNITY_SPECCUBE_BLENDING UNITY_ENABLE_DETAIL_NORMALMAP SHADER_API_DESKTOP UNITY_LIGHT_PROBE_PROXY_VOLUME UNITY_LIGHTMAP_FULL_HDR ok=1
Cmd: compileSnippet
  error: 1 plat 4 at (99): Output value 'vert' is not completely initialized\nCompiling Vertex program with DIRECTIONAL SHADOWS_SCREEN LIGHTMAP_ON LIGHTPROBE_SH ENABLE_INDIRECT_LIGHTING ENABLE_REALTIME_SAMPLING _DIRECTDIFF_NONE _DIRECTSPEC_NONE _LUTIBLMODE_BOTH _INDIRECTSPECIBL_UNITYACTUALAPPROX _INDIRECTIBL_NONE
Platform defines: UNITY_ENABLE_REFLECTION_BUFFERS UNITY_USE_DITHER_MASK_FOR_ALPHABLENDED_SHADOWS UNITY_PBS_USE_BRDF1 UNITY_SPECCUBE_BOX_PROJECTION UNITY_SPECCUBE_BLENDING UNITY_ENABLE_DETAIL_NORMALMAP SHADER_API_DESKTOP UNITY_LIGHT_PROBE_PROXY_VOLUME UNITY_LIGHTMAP_FULL_HDR
  api=4 type=0 insize=13390 outsize=2314 kw=DIRECTIONAL SHADOWS_SCREEN LIGHTMAP_ON LIGHTPROBE_SH ENABLE_INDIRECT_LIGHTING ENABLE_REALTIME_SAMPLING _DIRECTDIFF_NONE _DIRECTSPEC_NONE _LUTIBLMODE_BOTH _INDIRECTSPECIBL_UNITYACTUALAPPROX _INDIRECTIBL_NONE pd=UNITY_ENABLE_REFLECTION_BUFFERS UNITY_USE_DITHER_MASK_FOR_ALPHABLENDED_SHADOWS UNITY_PBS_USE_BRDF1 UNITY_SPECCUBE_BOX_PROJECTION UNITY_SPECCUBE_BLENDING UNITY_ENABLE_DETAIL_NORMALMAP SHADER_API_DESKTOP UNITY_LIGHT_PROBE_PROXY_VOLUME UNITY_LIGHTMAP_FULL_HDR ok=1
Cmd: compileSnippet
  api=4 type=1 insize=13390 outsize=3966 kw=DIRECTIONAL SHADOWS_SCREEN LIGHTMAP_ON LIGHTPROBE_SH ENABLE_INDIRECT_LIGHTING ENABLE_REALTIME_SAMPLING _DIRECTDIFF_NONE _DIRECTSPEC_NONE _LUTIBLMODE_BOTH _INDIRECTSPECIBL_UNITYACTUALAPPROX _INDIRECTIBL_NONE pd=UNITY_ENABLE_REFLECTION_BUFFERS UNITY_USE_DITHER_MASK_FOR_ALPHABLENDED_SHADOWS UNITY_PBS_USE_BRDF1 UNITY_SPECCUBE_BOX_PROJECTION UNITY_SPECCUBE_BLENDING UNITY_ENABLE_DETAIL_NORMALMAP SHADER_API_DESKTOP UNITY_LIGHT_PROBE_PROXY_VOLUME UNITY_LIGHTMAP_FULL_HDR ok=1
Cmd: compileSnippet
  error: 1 plat 4 at (99): Output value 'vert' is not completely initialized\nCompiling Vertex program with DIRECTIONAL LIGHTMAP_ON ENABLE_INDIRECT_LIGHTING ENABLE_REALTIME_SAMPLING _DIRECTDIFF_NONE _DIRECTSPEC_NONE _LUTIBLMODE_BOTH _INDIRECTSPECIBL_UNITYACTUALAPPROX _INDIRECTIBL_NONE
Platform defines: UNITY_ENABLE_REFLECTION_BUFFERS UNITY_USE_DITHER_MASK_FOR_ALPHABLENDED_SHADOWS UNITY_PBS_USE_BRDF1 UNITY_SPECCUBE_BOX_PROJECTION UNITY_SPECCUBE_BLENDING UNITY_ENABLE_DETAIL_NORMALMAP SHADER_API_DESKTOP UNITY_LIGHT_PROBE_PROXY_VOLUME UNITY_LIGHTMAP_FULL_HDR
  api=4 type=0 insize=13390 outsize=2314 kw=DIRECTIONAL LIGHTMAP_ON ENABLE_INDIRECT_LIGHTING ENABLE_REALTIME_SAMPLING _DIRECTDIFF_NONE _DIRECTSPEC_NONE _LUTIBLMODE_BOTH _INDIRECTSPECIBL_UNITYACTUALAPPROX _INDIRECTIBL_NONE pd=UNITY_ENABLE_REFLECTION_BUFFERS UNITY_USE_DITHER_MASK_FOR_ALPHABLENDED_SHADOWS UNITY_PBS_USE_BRDF1 UNITY_SPECCUBE_BOX_PROJECTION UNITY_SPECCUBE_BLENDING UNITY_ENABLE_DETAIL_NORMALMAP SHADER_API_DESKTOP UNITY_LIGHT_PROBE_PROXY_VOLUME UNITY_LIGHTMAP_FULL_HDR ok=1
Cmd: compileSnippet
  api=4 type=1 insize=13390 outsize=3966 kw=DIRECTIONAL LIGHTMAP_ON ENABLE_INDIRECT_LIGHTING ENABLE_REALTIME_SAMPLING _DIRECTDIFF_NONE _DIRECTSPEC_NONE _LUTIBLMODE_BOTH _INDIRECTSPECIBL_UNITYACTUALAPPROX _INDIRECTIBL_NONE pd=UNITY_ENABLE_REFLECTION_BUFFERS UNITY_USE_DITHER_MASK_FOR_ALPHABLENDED_SHADOWS UNITY_PBS_USE_BRDF1 UNITY_SPECCUBE_BOX_PROJECTION UNITY_SPECCUBE_BLENDING UNITY_ENABLE_DETAIL_NORMALMAP SHADER_API_DESKTOP UNITY_LIGHT_PROBE_PROXY_VOLUME UNITY_LIGHTMAP_FULL_HDR ok=1
Cmd: compileSnippet
  error: 1 plat 4 at (99): Output value 'vert' is not completely initialized\nCompiling Vertex program with DIRECTIONAL LIGHTMAP_ON LIGHTPROBE_SH ENABLE_INDIRECT_LIGHTING ENABLE_REALTIME_SAMPLING _DIRECTDIFF_NONE _DIRECTSPEC_NONE _LUTIBLMODE_BOTH _INDIRECTSPECIBL_UNITYACTUALAPPROX _INDIRECTIBL_NONE
Platform defines: UNITY_ENABLE_REFLECTION_BUFFERS UNITY_USE_DITHER_MASK_FOR_ALPHABLENDED_SHADOWS UNITY_PBS_USE_BRDF1 UNITY_SPECCUBE_BOX_PROJECTION UNITY_SPECCUBE_BLENDING UNITY_ENABLE_DETAIL_NORMALMAP SHADER_API_DESKTOP UNITY_LIGHT_PROBE_PROXY_VOLUME UNITY_LIGHTMAP_FULL_HDR
  api=4 type=0 insize=13390 outsize=2314 kw=DIRECTIONAL LIGHTMAP_ON LIGHTPROBE_SH ENABLE_INDIRECT_LIGHTING ENABLE_REALTIME_SAMPLING _DIRECTDIFF_NONE _DIRECTSPEC_NONE _LUTIBLMODE_BOTH _INDIRECTSPECIBL_UNITYACTUALAPPROX _INDIRECTIBL_NONE pd=UNITY_ENABLE_REFLECTION_BUFFERS UNITY_USE_DITHER_MASK_FOR_ALPHABLENDED_SHADOWS UNITY_PBS_USE_BRDF1 UNITY_SPECCUBE_BOX_PROJECTION UNITY_SPECCUBE_BLENDING UNITY_ENABLE_DETAIL_NORMALMAP SHADER_API_DESKTOP UNITY_LIGHT_PROBE_PROXY_VOLUME UNITY_LIGHTMAP_FULL_HDR ok=1
Cmd: compileSnippet
  api=4 type=1 insize=13390 outsize=3966 kw=DIRECTIONAL LIGHTMAP_ON LIGHTPROBE_SH ENABLE_INDIRECT_LIGHTING ENABLE_REALTIME_SAMPLING _DIRECTDIFF_NONE _DIRECTSPEC_NONE _LUTIBLMODE_BOTH _INDIRECTSPECIBL_UNITYACTUALAPPROX _INDIRECTIBL_NONE pd=UNITY_ENABLE_REFLECTION_BUFFERS UNITY_USE_DITHER_MASK_FOR_ALPHABLENDED_SHADOWS UNITY_PBS_USE_BRDF1 UNITY_SPECCUBE_BOX_PROJECTION UNITY_SPECCUBE_BLENDING UNITY_ENABLE_DETAIL_NORMALMAP SHADER_API_DESKTOP UNITY_LIGHT_PROBE_PROXY_VOLUME UNITY_LIGHTMAP_FULL_HDR ok=1
Cmd: compileSnippet
  error: 1 plat 4 at (99): Output value 'vert' is not completely initialized\nCompiling Vertex program with DIRECTIONAL SHADOWS_SCREEN LIGHTMAP_ON LIGHTPROBE_SH ENABLE_INDIRECT_LIGHTING ENABLE_REALTIME_SAMPLING _DIRECTDIFF_NONE _DIRECTSPEC_NONE _LUTIBLMODE_BOTH _INDIRECTSPECIBL_CODAPPROX _INDIRECTIBL_NONE
Platform defines: UNITY_ENABLE_REFLECTION_BUFFERS UNITY_USE_DITHER_MASK_FOR_ALPHABLENDED_SHADOWS UNITY_PBS_USE_BRDF1 UNITY_SPECCUBE_BOX_PROJECTION UNITY_SPECCUBE_BLENDING UNITY_ENABLE_DETAIL_NORMALMAP SHADER_API_DESKTOP UNITY_LIGHT_PROBE_PROXY_VOLUME UNITY_LIGHTMAP_FULL_HDR
  api=4 type=0 insize=13390 outsize=2314 kw=DIRECTIONAL SHADOWS_SCREEN LIGHTMAP_ON LIGHTPROBE_SH ENABLE_INDIRECT_LIGHTING ENABLE_REALTIME_SAMPLING _DIRECTDIFF_NONE _DIRECTSPEC_NONE _LUTIBLMODE_BOTH _INDIRECTSPECIBL_CODAPPROX _INDIRECTIBL_NONE pd=UNITY_ENABLE_REFLECTION_BUFFERS UNITY_USE_DITHER_MASK_FOR_ALPHABLENDED_SHADOWS UNITY_PBS_USE_BRDF1 UNITY_SPECCUBE_BOX_PROJECTION UNITY_SPECCUBE_BLENDING UNITY_ENABLE_DETAIL_NORMALMAP SHADER_API_DESKTOP UNITY_LIGHT_PROBE_PROXY_VOLUME UNITY_LIGHTMAP_FULL_HDR ok=1
Cmd: compileSnippet
  api=4 type=1 insize=13390 outsize=3850 kw=DIRECTIONAL SHADOWS_SCREEN LIGHTMAP_ON LIGHTPROBE_SH ENABLE_INDIRECT_LIGHTING ENABLE_REALTIME_SAMPLING _DIRECTDIFF_NONE _DIRECTSPEC_NONE _LUTIBLMODE_BOTH _INDIRECTSPECIBL_CODAPPROX _INDIRECTIBL_NONE pd=UNITY_ENABLE_REFLECTION_BUFFERS UNITY_USE_DITHER_MASK_FOR_ALPHABLENDED_SHADOWS UNITY_PBS_USE_BRDF1 UNITY_SPECCUBE_BOX_PROJECTION UNITY_SPECCUBE_BLENDING UNITY_ENABLE_DETAIL_NORMALMAP SHADER_API_DESKTOP UNITY_LIGHT_PROBE_PROXY_VOLUME UNITY_LIGHTMAP_FULL_HDR ok=1
Cmd: compileSnippet
  error: 1 plat 4 at (99): Output value 'vert' is not completely initialized\nCompiling Vertex program with DIRECTIONAL LIGHTMAP_ON ENABLE_INDIRECT_LIGHTING ENABLE_REALTIME_SAMPLING _DIRECTDIFF_NONE _DIRECTSPEC_NONE _LUTIBLMODE_BOTH _INDIRECTSPECIBL_CODAPPROX _INDIRECTIBL_NONE
Platform defines: UNITY_ENABLE_REFLECTION_BUFFERS UNITY_USE_DITHER_MASK_FOR_ALPHABLENDED_SHADOWS UNITY_PBS_USE_BRDF1 UNITY_SPECCUBE_BOX_PROJECTION UNITY_SPECCUBE_BLENDING UNITY_ENABLE_DETAIL_NORMALMAP SHADER_API_DESKTOP UNITY_LIGHT_PROBE_PROXY_VOLUME UNITY_LIGHTMAP_FULL_HDR
  api=4 type=0 insize=13390 outsize=2314 kw=DIRECTIONAL LIGHTMAP_ON ENABLE_INDIRECT_LIGHTING ENABLE_REALTIME_SAMPLING _DIRECTDIFF_NONE _DIRECTSPEC_NONE _LUTIBLMODE_BOTH _INDIRECTSPECIBL_CODAPPROX _INDIRECTIBL_NONE pd=UNITY_ENABLE_REFLECTION_BUFFERS UNITY_USE_DITHER_MASK_FOR_ALPHABLENDED_SHADOWS UNITY_PBS_USE_BRDF1 UNITY_SPECCUBE_BOX_PROJECTION UNITY_SPECCUBE_BLENDING UNITY_ENABLE_DETAIL_NORMALMAP SHADER_API_DESKTOP UNITY_LIGHT_PROBE_PROXY_VOLUME UNITY_LIGHTMAP_FULL_HDR ok=1
Cmd: compileSnippet
  api=4 type=1 insize=13390 outsize=3850 kw=DIRECTIONAL LIGHTMAP_ON ENABLE_INDIRECT_LIGHTING ENABLE_REALTIME_SAMPLING _DIRECTDIFF_NONE _DIRECTSPEC_NONE _LUTIBLMODE_BOTH _INDIRECTSPECIBL_CODAPPROX _INDIRECTIBL_NONE pd=UNITY_ENABLE_REFLECTION_BUFFERS UNITY_USE_DITHER_MASK_FOR_ALPHABLENDED_SHADOWS UNITY_PBS_USE_BRDF1 UNITY_SPECCUBE_BOX_PROJECTION UNITY_SPECCUBE_BLENDING UNITY_ENABLE_DETAIL_NORMALMAP SHADER_API_DESKTOP UNITY_LIGHT_PROBE_PROXY_VOLUME UNITY_LIGHTMAP_FULL_HDR ok=1
Cmd: compileSnippet
  error: 1 plat 4 at (99): Output value 'vert' is not completely initialized\nCompiling Vertex program with DIRECTIONAL LIGHTMAP_ON LIGHTPROBE_SH ENABLE_INDIRECT_LIGHTING ENABLE_REALTIME_SAMPLING _DIRECTDIFF_NONE _DIRECTSPEC_NONE _LUTIBLMODE_BOTH _INDIRECTSPECIBL_CODAPPROX _INDIRECTIBL_NONE
Platform defines: UNITY_ENABLE_REFLECTION_BUFFERS UNITY_USE_DITHER_MASK_FOR_ALPHABLENDED_SHADOWS UNITY_PBS_USE_BRDF1 UNITY_SPECCUBE_BOX_PROJECTION UNITY_SPECCUBE_BLENDING UNITY_ENABLE_DETAIL_NORMALMAP SHADER_API_DESKTOP UNITY_LIGHT_PROBE_PROXY_VOLUME UNITY_LIGHTMAP_FULL_HDR
  api=4 type=0 insize=13390 outsize=2314 kw=DIRECTIONAL LIGHTMAP_ON LIGHTPROBE_SH ENABLE_INDIRECT_LIGHTING ENABLE_REALTIME_SAMPLING _DIRECTDIFF_NONE _DIRECTSPEC_NONE _LUTIBLMODE_BOTH _INDIRECTSPECIBL_CODAPPROX _INDIRECTIBL_NONE pd=UNITY_ENABLE_REFLECTION_BUFFERS UNITY_USE_DITHER_MASK_FOR_ALPHABLENDED_SHADOWS UNITY_PBS_USE_BRDF1 UNITY_SPECCUBE_BOX_PROJECTION UNITY_SPECCUBE_BLENDING UNITY_ENABLE_DETAIL_NORMALMAP SHADER_API_DESKTOP UNITY_LIGHT_PROBE_PROXY_VOLUME UNITY_LIGHTMAP_FULL_HDR ok=1
Cmd: compileSnippet
  api=4 type=1 insize=13390 outsize=3850 kw=DIRECTIONAL LIGHTMAP_ON LIGHTPROBE_SH ENABLE_INDIRECT_LIGHTING ENABLE_REALTIME_SAMPLING _DIRECTDIFF_NONE _DIRECTSPEC_NONE _LUTIBLMODE_BOTH _INDIRECTSPECIBL_CODAPPROX _INDIRECTIBL_NONE pd=UNITY_ENABLE_REFLECTION_BUFFERS UNITY_USE_DITHER_MASK_FOR_ALPHABLENDED_SHADOWS UNITY_PBS_USE_BRDF1 UNITY_SPECCUBE_BOX_PROJECTION UNITY_SPECCUBE_BLENDING UNITY_ENABLE_DETAIL_NORMALMAP SHADER_API_DESKTOP UNITY_LIGHT_PROBE_PROXY_VOLUME UNITY_LIGHTMAP_FULL_HDR ok=1
